<?xml version="1.0" encoding="UTF-8"?>
<coverage generated="1635200324765" clover="3.2.0">
  <project timestamp="1635200324766" name="All files">
    <metrics statements="34" coveredstatements="34" conditionals="38" coveredconditionals="31" methods="4" coveredmethods="4" elements="76" coveredelements="69" complexity="0" loc="34" ncloc="34" packages="1" files="1" classes="1"/>
    <file name="index.js" path="/home/lucas/Development/projects/SoftwareTest/src/index.js">
      <metrics statements="34" coveredstatements="34" conditionals="38" coveredconditionals="31" methods="4" coveredmethods="4"/>
      <line num="1" count="1" type="stmt"/>
      <line num="4" count="20" type="cond" truecount="4" falsecount="0"/>
      <line num="5" count="1" type="stmt"/>
      <line num="8" count="19" type="stmt"/>
      <line num="17" count="19" type="stmt"/>
      <line num="18" count="19" type="stmt"/>
      <line num="19" count="61" type="cond" truecount="4" falsecount="0"/>
      <line num="20" count="9" type="stmt"/>
      <line num="22" count="52" type="stmt"/>
      <line num="27" count="19" type="cond" truecount="2" falsecount="0"/>
      <line num="28" count="19" type="stmt"/>
      <line num="32" count="20" type="cond" truecount="2" falsecount="0"/>
      <line num="33" count="65" type="stmt"/>
      <line num="34" count="17" type="cond" truecount="2" falsecount="0"/>
      <line num="35" count="12" type="cond" truecount="2" falsecount="0"/>
      <line num="36" count="8" type="cond" truecount="1" falsecount="1"/>
      <line num="37" count="8" type="cond" truecount="1" falsecount="1"/>
      <line num="38" count="8" type="cond" truecount="1" falsecount="1"/>
      <line num="39" count="8" type="cond" truecount="1" falsecount="1"/>
      <line num="40" count="8" type="cond" truecount="1" falsecount="1"/>
      <line num="42" count="8" type="stmt"/>
      <line num="43" count="8" type="stmt"/>
      <line num="44" count="21" type="stmt"/>
      <line num="45" count="21" type="stmt"/>
      <line num="47" count="8" type="stmt"/>
      <line num="51" count="11" type="cond" truecount="4" falsecount="0"/>
      <line num="52" count="5" type="cond" truecount="2" falsecount="0"/>
      <line num="53" count="3" type="cond" truecount="1" falsecount="1"/>
      <line num="54" count="3" type="cond" truecount="1" falsecount="1"/>
      <line num="56" count="3" type="stmt"/>
      <line num="57" count="3" type="stmt"/>
      <line num="58" count="15" type="cond" truecount="2" falsecount="0"/>
      <line num="59" count="5" type="stmt"/>
      <line num="62" count="3" type="stmt"/>
    </file>
  </project>
</coverage>
