{"/home/lucas/Development/projects/SoftwareTest/src/index.js": {"path":"/home/lucas/Development/projects/SoftwareTest/src/index.js","statementMap":{"0":{"start":{"line":1,"column":0},"end":{"line":64,"column":2}},"1":{"start":{"line":4,"column":4},"end":{"line":6,"column":5}},"2":{"start":{"line":5,"column":6},"end":{"line":5,"column":30}},"3":{"start":{"line":8,"column":18},"end":{"line":16,"column":5}},"4":{"start":{"line":17,"column":20},"end":{"line":17,"column":21}},"5":{"start":{"line":18,"column":4},"end":{"line":24,"column":5}},"6":{"start":{"line":18,"column":17},"end":{"line":18,"column":18}},"7":{"start":{"line":19,"column":6},"end":{"line":23,"column":7}},"8":{"start":{"line":20,"column":8},"end":{"line":20,"column":55}},"9":{"start":{"line":22,"column":8},"end":{"line":22,"column":33}},"10":{"start":{"line":27,"column":4},"end":{"line":27,"column":78}},"11":{"start":{"line":28,"column":4},"end":{"line":28,"column":20}},"12":{"start":{"line":32,"column":4},"end":{"line":32,"column":54}},"13":{"start":{"line":32,"column":30},"end":{"line":32,"column":54}},"14":{"start":{"line":33,"column":18},"end":{"line":33,"column":45}},"15":{"start":{"line":33,"column":40},"end":{"line":33,"column":44}},"16":{"start":{"line":34,"column":4},"end":{"line":34,"column":52}},"17":{"start":{"line":34,"column":28},"end":{"line":34,"column":52}},"18":{"start":{"line":35,"column":4},"end":{"line":35,"column":56}},"19":{"start":{"line":35,"column":32},"end":{"line":35,"column":56}},"20":{"start":{"line":36,"column":4},"end":{"line":36,"column":50}},"21":{"start":{"line":36,"column":26},"end":{"line":36,"column":50}},"22":{"start":{"line":37,"column":4},"end":{"line":37,"column":41}},"23":{"start":{"line":37,"column":17},"end":{"line":37,"column":41}},"24":{"start":{"line":38,"column":4},"end":{"line":38,"column":41}},"25":{"start":{"line":38,"column":17},"end":{"line":38,"column":41}},"26":{"start":{"line":39,"column":4},"end":{"line":39,"column":30}},"27":{"start":{"line":39,"column":17},"end":{"line":39,"column":30}},"28":{"start":{"line":40,"column":4},"end":{"line":40,"column":41}},"29":{"start":{"line":40,"column":28},"end":{"line":40,"column":41}},"30":{"start":{"line":42,"column":22},"end":{"line":42,"column":24}},"31":{"start":{"line":43,"column":4},"end":{"line":46,"column":5}},"32":{"start":{"line":43,"column":17},"end":{"line":43,"column":18}},"33":{"start":{"line":44,"column":6},"end":{"line":44,"column":31}},"34":{"start":{"line":45,"column":6},"end":{"line":45,"column":35}},"35":{"start":{"line":47,"column":4},"end":{"line":47,"column":21}},"36":{"start":{"line":51,"column":4},"end":{"line":51,"column":80}},"37":{"start":{"line":51,"column":56},"end":{"line":51,"column":80}},"38":{"start":{"line":52,"column":4},"end":{"line":52,"column":61}},"39":{"start":{"line":52,"column":37},"end":{"line":52,"column":61}},"40":{"start":{"line":53,"column":4},"end":{"line":53,"column":47}},"41":{"start":{"line":53,"column":23},"end":{"line":53,"column":47}},"42":{"start":{"line":54,"column":4},"end":{"line":54,"column":48}},"43":{"start":{"line":54,"column":24},"end":{"line":54,"column":48}},"44":{"start":{"line":56,"column":22},"end":{"line":56,"column":24}},"45":{"start":{"line":57,"column":4},"end":{"line":61,"column":5}},"46":{"start":{"line":57,"column":17},"end":{"line":57,"column":18}},"47":{"start":{"line":58,"column":6},"end":{"line":60,"column":7}},"48":{"start":{"line":59,"column":8},"end":{"line":59,"column":29}},"49":{"start":{"line":62,"column":4},"end":{"line":62,"column":28}}},"fnMap":{"0":{"name":"(anonymous_0)","decl":{"start":{"line":3,"column":14},"end":{"line":3,"column":15}},"loc":{"start":{"line":3,"column":27},"end":{"line":29,"column":3}},"line":3},"1":{"name":"(anonymous_1)","decl":{"start":{"line":31,"column":11},"end":{"line":31,"column":12}},"loc":{"start":{"line":31,"column":30},"end":{"line":48,"column":3}},"line":31},"2":{"name":"(anonymous_2)","decl":{"start":{"line":33,"column":30},"end":{"line":33,"column":31}},"loc":{"start":{"line":33,"column":40},"end":{"line":33,"column":44}},"line":33},"3":{"name":"(anonymous_3)","decl":{"start":{"line":50,"column":21},"end":{"line":50,"column":22}},"loc":{"start":{"line":50,"column":37},"end":{"line":63,"column":3}},"line":50}},"branchMap":{"0":{"loc":{"start":{"line":4,"column":4},"end":{"line":6,"column":5}},"type":"if","locations":[{"start":{"line":4,"column":4},"end":{"line":6,"column":5}},{"start":{},"end":{}}],"line":4},"1":{"loc":{"start":{"line":4,"column":8},"end":{"line":4,"column":47}},"type":"binary-expr","locations":[{"start":{"line":4,"column":8},"end":{"line":4,"column":29}},{"start":{"line":4,"column":33},"end":{"line":4,"column":47}}],"line":4},"2":{"loc":{"start":{"line":19,"column":6},"end":{"line":23,"column":7}},"type":"if","locations":[{"start":{"line":19,"column":6},"end":{"line":23,"column":7}},{"start":{"line":21,"column":13},"end":{"line":23,"column":7}}],"line":19},"3":{"loc":{"start":{"line":19,"column":10},"end":{"line":19,"column":48}},"type":"binary-expr","locations":[{"start":{"line":19,"column":10},"end":{"line":19,"column":15}},{"start":{"line":19,"column":19},"end":{"line":19,"column":48}}],"line":19},"4":{"loc":{"start":{"line":27,"column":4},"end":{"line":27,"column":77}},"type":"cond-expr","locations":[{"start":{"line":27,"column":24},"end":{"line":27,"column":51}},{"start":{"line":27,"column":56},"end":{"line":27,"column":76}}],"line":27},"5":{"loc":{"start":{"line":32,"column":4},"end":{"line":32,"column":54}},"type":"if","locations":[{"start":{"line":32,"column":4},"end":{"line":32,"column":54}},{"start":{},"end":{}}],"line":32},"6":{"loc":{"start":{"line":34,"column":4},"end":{"line":34,"column":52}},"type":"if","locations":[{"start":{"line":34,"column":4},"end":{"line":34,"column":52}},{"start":{},"end":{}}],"line":34},"7":{"loc":{"start":{"line":35,"column":4},"end":{"line":35,"column":56}},"type":"if","locations":[{"start":{"line":35,"column":4},"end":{"line":35,"column":56}},{"start":{},"end":{}}],"line":35},"8":{"loc":{"start":{"line":36,"column":4},"end":{"line":36,"column":50}},"type":"if","locations":[{"start":{"line":36,"column":4},"end":{"line":36,"column":50}},{"start":{},"end":{}}],"line":36},"9":{"loc":{"start":{"line":37,"column":4},"end":{"line":37,"column":41}},"type":"if","locations":[{"start":{"line":37,"column":4},"end":{"line":37,"column":41}},{"start":{},"end":{}}],"line":37},"10":{"loc":{"start":{"line":38,"column":4},"end":{"line":38,"column":41}},"type":"if","locations":[{"start":{"line":38,"column":4},"end":{"line":38,"column":41}},{"start":{},"end":{}}],"line":38},"11":{"loc":{"start":{"line":39,"column":4},"end":{"line":39,"column":30}},"type":"if","locations":[{"start":{"line":39,"column":4},"end":{"line":39,"column":30}},{"start":{},"end":{}}],"line":39},"12":{"loc":{"start":{"line":40,"column":4},"end":{"line":40,"column":41}},"type":"if","locations":[{"start":{"line":40,"column":4},"end":{"line":40,"column":41}},{"start":{},"end":{}}],"line":40},"13":{"loc":{"start":{"line":51,"column":4},"end":{"line":51,"column":80}},"type":"if","locations":[{"start":{"line":51,"column":4},"end":{"line":51,"column":80}},{"start":{},"end":{}}],"line":51},"14":{"loc":{"start":{"line":51,"column":8},"end":{"line":51,"column":54}},"type":"binary-expr","locations":[{"start":{"line":51,"column":8},"end":{"line":51,"column":29}},{"start":{"line":51,"column":33},"end":{"line":51,"column":54}}],"line":51},"15":{"loc":{"start":{"line":52,"column":4},"end":{"line":52,"column":61}},"type":"if","locations":[{"start":{"line":52,"column":4},"end":{"line":52,"column":61}},{"start":{},"end":{}}],"line":52},"16":{"loc":{"start":{"line":53,"column":4},"end":{"line":53,"column":47}},"type":"if","locations":[{"start":{"line":53,"column":4},"end":{"line":53,"column":47}},{"start":{},"end":{}}],"line":53},"17":{"loc":{"start":{"line":54,"column":4},"end":{"line":54,"column":48}},"type":"if","locations":[{"start":{"line":54,"column":4},"end":{"line":54,"column":48}},{"start":{},"end":{}}],"line":54},"18":{"loc":{"start":{"line":58,"column":6},"end":{"line":60,"column":7}},"type":"if","locations":[{"start":{"line":58,"column":6},"end":{"line":60,"column":7}},{"start":{},"end":{}}],"line":58}},"s":{"0":1,"1":20,"2":1,"3":19,"4":19,"5":19,"6":19,"7":61,"8":9,"9":52,"10":19,"11":19,"12":20,"13":3,"14":17,"15":65,"16":17,"17":5,"18":12,"19":4,"20":8,"21":0,"22":8,"23":0,"24":8,"25":0,"26":8,"27":0,"28":8,"29":0,"30":8,"31":8,"32":8,"33":21,"34":21,"35":8,"36":11,"37":6,"38":5,"39":2,"40":3,"41":0,"42":3,"43":0,"44":3,"45":3,"46":3,"47":15,"48":5,"49":3},"f":{"0":20,"1":20,"2":65,"3":11},"b":{"0":[1,19],"1":[20,20],"2":[9,52],"3":[61,42],"4":[3,16],"5":[3,17],"6":[5,12],"7":[4,8],"8":[0,8],"9":[0,8],"10":[0,8],"11":[0,8],"12":[0,8],"13":[6,5],"14":[11,5],"15":[2,3],"16":[0,3],"17":[0,3],"18":[5,10]},"_coverageSchema":"1a1c01bbd47fc00a2c39e90264f33305004495a9","hash":"4db12b037bd280f023a0c91c798835f108fa62f3"}
}
