TN:
SF:src/index.js
FN:3,(anonymous_0)
FN:31,(anonymous_1)
FN:33,(anonymous_2)
FN:50,(anonymous_3)
FNF:4
FNH:4
FNDA:20,(anonymous_0)
FNDA:20,(anonymous_1)
FNDA:65,(anonymous_2)
FNDA:11,(anonymous_3)
DA:1,1
DA:4,20
DA:5,1
DA:8,19
DA:17,19
DA:18,19
DA:19,61
DA:20,9
DA:22,52
DA:27,19
DA:28,19
DA:32,20
DA:33,65
DA:34,17
DA:35,12
DA:36,8
DA:37,8
DA:38,8
DA:39,8
DA:40,8
DA:42,8
DA:43,8
DA:44,21
DA:45,21
DA:47,8
DA:51,11
DA:52,5
DA:53,3
DA:54,3
DA:56,3
DA:57,3
DA:58,15
DA:59,5
DA:62,3
LF:34
LH:34
BRDA:4,0,0,1
BRDA:4,0,1,19
BRDA:4,1,0,20
BRDA:4,1,1,20
BRDA:19,2,0,9
BRDA:19,2,1,52
BRDA:19,3,0,61
BRDA:19,3,1,42
BRDA:27,4,0,3
BRDA:27,4,1,16
BRDA:32,5,0,3
BRDA:32,5,1,17
BRDA:34,6,0,5
BRDA:34,6,1,12
BRDA:35,7,0,4
BRDA:35,7,1,8
BRDA:36,8,0,0
BRDA:36,8,1,8
BRDA:37,9,0,0
BRDA:37,9,1,8
BRDA:38,10,0,0
BRDA:38,10,1,8
BRDA:39,11,0,0
BRDA:39,11,1,8
BRDA:40,12,0,0
BRDA:40,12,1,8
BRDA:51,13,0,6
BRDA:51,13,1,5
BRDA:51,14,0,11
BRDA:51,14,1,5
BRDA:52,15,0,2
BRDA:52,15,1,3
BRDA:53,16,0,0
BRDA:53,16,1,3
BRDA:54,17,0,0
BRDA:54,17,1,3
BRDA:58,18,0,5
BRDA:58,18,1,10
BRF:38
BRH:31
end_of_record
